{"timestamp": "2025-09-08 19:26:24,265", "level": "ERROR", "name": "cli_runner", "message": "Pipeline error: \"Attempt to overwrite 'args' in LogRecord\"", "module": "logger", "funcName": "error", "lineNo": 48}
{"timestamp": "2025-09-08 19:26:24,265", "level": "ERROR", "name": "cli_runner", "message": "Pipeline error: \"Attempt to overwrite 'args' in LogRecord\"", "module": "logger", "funcName": "error", "lineNo": 48}
{"timestamp": "2025-09-08 19:26:24,636", "level": "ERROR", "name": "cli_runner", "message": "Pipeline error: \"Attempt to overwrite 'args' in LogRecord\"", "module": "logger", "funcName": "error", "lineNo": 48}
{"timestamp": "2025-09-08 19:26:24,636", "level": "ERROR", "name": "cli_runner", "message": "Pipeline error: \"Attempt to overwrite 'args' in LogRecord\"", "module": "logger", "funcName": "error", "lineNo": 48}
{"timestamp": "2025-09-08 19:44:15,418", "level": "INFO", "name": "cli_runner", "message": "Starting pipeline with arguments", "module": "logger", "funcName": "info", "lineNo": 40}
{"timestamp": "2025-09-08 19:44:15,418", "level": "INFO", "name": "cli_runner", "message": "Starting pipeline with arguments", "module": "logger", "funcName": "info", "lineNo": 40}
{"timestamp": "2025-09-08 19:44:15,418", "level": "INFO", "name": "cli_runner", "message": "pipeline_start", "module": "logger", "funcName": "info", "lineNo": 40}
{"timestamp": "2025-09-08 19:44:15,418", "level": "INFO", "name": "cli_runner", "message": "pipeline_start", "module": "logger", "funcName": "info", "lineNo": 40}
{"timestamp": "2025-09-08 19:44:16,301", "level": "INFO", "name": "cli_runner", "message": "Results written to output", "module": "logger", "funcName": "info", "lineNo": 40}
{"timestamp": "2025-09-08 19:44:16,301", "level": "INFO", "name": "cli_runner", "message": "Results written to output", "module": "logger", "funcName": "info", "lineNo": 40}
{"timestamp": "2025-09-08 19:44:16,301", "level": "INFO", "name": "cli_runner", "message": "pipeline_export", "module": "logger", "funcName": "info", "lineNo": 40}
{"timestamp": "2025-09-08 19:44:16,301", "level": "INFO", "name": "cli_runner", "message": "pipeline_export", "module": "logger", "funcName": "info", "lineNo": 40}
{"timestamp": "2025-09-08 19:44:16,302", "level": "INFO", "name": "cli_runner", "message": "pipeline_complete", "module": "logger", "funcName": "info", "lineNo": 40}
{"timestamp": "2025-09-08 19:44:16,302", "level": "INFO", "name": "cli_runner", "message": "pipeline_complete", "module": "logger", "funcName": "info", "lineNo": 40}
{"timestamp": "2025-09-08 19:44:16,302", "level": "INFO", "name": "cli_runner", "message": "Pipeline completed successfully.", "module": "logger", "funcName": "info", "lineNo": 40}
{"timestamp": "2025-09-08 19:44:16,302", "level": "INFO", "name": "cli_runner", "message": "Pipeline completed successfully.", "module": "logger", "funcName": "info", "lineNo": 40}
{"timestamp": "2025-09-08 19:44:16,758", "level": "INFO", "name": "cli_runner", "message": "Starting pipeline with arguments", "module": "logger", "funcName": "info", "lineNo": 40}
{"timestamp": "2025-09-08 19:44:16,758", "level": "INFO", "name": "cli_runner", "message": "Starting pipeline with arguments", "module": "logger", "funcName": "info", "lineNo": 40}
{"timestamp": "2025-09-08 19:44:16,758", "level": "INFO", "name": "cli_runner", "message": "pipeline_start", "module": "logger", "funcName": "info", "lineNo": 40}
{"timestamp": "2025-09-08 19:44:16,758", "level": "INFO", "name": "cli_runner", "message": "pipeline_start", "module": "logger", "funcName": "info", "lineNo": 40}
{"timestamp": "2025-09-08 19:44:17,524", "level": "INFO", "name": "cli_runner", "message": "Results written to output", "module": "logger", "funcName": "info", "lineNo": 40}
{"timestamp": "2025-09-08 19:44:17,524", "level": "INFO", "name": "cli_runner", "message": "Results written to output", "module": "logger", "funcName": "info", "lineNo": 40}
{"timestamp": "2025-09-08 19:44:17,525", "level": "INFO", "name": "cli_runner", "message": "pipeline_export", "module": "logger", "funcName": "info", "lineNo": 40}
{"timestamp": "2025-09-08 19:44:17,525", "level": "INFO", "name": "cli_runner", "message": "pipeline_export", "module": "logger", "funcName": "info", "lineNo": 40}
{"timestamp": "2025-09-08 19:44:17,525", "level": "INFO", "name": "cli_runner", "message": "pipeline_complete", "module": "logger", "funcName": "info", "lineNo": 40}
{"timestamp": "2025-09-08 19:44:17,525", "level": "INFO", "name": "cli_runner", "message": "pipeline_complete", "module": "logger", "funcName": "info", "lineNo": 40}
{"timestamp": "2025-09-08 19:44:17,525", "level": "INFO", "name": "cli_runner", "message": "Pipeline completed successfully.", "module": "logger", "funcName": "info", "lineNo": 40}
{"timestamp": "2025-09-08 19:44:17,525", "level": "INFO", "name": "cli_runner", "message": "Pipeline completed successfully.", "module": "logger", "funcName": "info", "lineNo": 40}
{"timestamp": "2025-09-08 20:26:24,080", "level": "INFO", "name": "cli_runner", "message": "Starting pipeline with arguments", "module": "logger", "funcName": "info", "lineNo": 40}
{"timestamp": "2025-09-08 20:26:24,080", "level": "INFO", "name": "cli_runner", "message": "Starting pipeline with arguments", "module": "logger", "funcName": "info", "lineNo": 40}
{"timestamp": "2025-09-08 20:26:24,080", "level": "INFO", "name": "cli_runner", "message": "pipeline_start", "module": "logger", "funcName": "info", "lineNo": 40}
{"timestamp": "2025-09-08 20:26:24,080", "level": "INFO", "name": "cli_runner", "message": "pipeline_start", "module": "logger", "funcName": "info", "lineNo": 40}
{"timestamp": "2025-09-08 20:26:24,935", "level": "INFO", "name": "cli_runner", "message": "Results written to output", "module": "logger", "funcName": "info", "lineNo": 40}
{"timestamp": "2025-09-08 20:26:24,935", "level": "INFO", "name": "cli_runner", "message": "Results written to output", "module": "logger", "funcName": "info", "lineNo": 40}
{"timestamp": "2025-09-08 20:26:24,935", "level": "INFO", "name": "cli_runner", "message": "pipeline_export", "module": "logger", "funcName": "info", "lineNo": 40}
{"timestamp": "2025-09-08 20:26:24,935", "level": "INFO", "name": "cli_runner", "message": "pipeline_export", "module": "logger", "funcName": "info", "lineNo": 40}
{"timestamp": "2025-09-08 20:26:24,935", "level": "INFO", "name": "cli_runner", "message": "pipeline_complete", "module": "logger", "funcName": "info", "lineNo": 40}
{"timestamp": "2025-09-08 20:26:24,935", "level": "INFO", "name": "cli_runner", "message": "pipeline_complete", "module": "logger", "funcName": "info", "lineNo": 40}
{"timestamp": "2025-09-08 20:26:24,935", "level": "INFO", "name": "cli_runner", "message": "Pipeline completed successfully.", "module": "logger", "funcName": "info", "lineNo": 40}
{"timestamp": "2025-09-08 20:26:24,935", "level": "INFO", "name": "cli_runner", "message": "Pipeline completed successfully.", "module": "logger", "funcName": "info", "lineNo": 40}
{"timestamp": "2025-09-08 20:26:25,343", "level": "INFO", "name": "cli_runner", "message": "Starting pipeline with arguments", "module": "logger", "funcName": "info", "lineNo": 40}
{"timestamp": "2025-09-08 20:26:25,343", "level": "INFO", "name": "cli_runner", "message": "Starting pipeline with arguments", "module": "logger", "funcName": "info", "lineNo": 40}
{"timestamp": "2025-09-08 20:26:25,343", "level": "INFO", "name": "cli_runner", "message": "pipeline_start", "module": "logger", "funcName": "info", "lineNo": 40}
{"timestamp": "2025-09-08 20:26:25,343", "level": "INFO", "name": "cli_runner", "message": "pipeline_start", "module": "logger", "funcName": "info", "lineNo": 40}
{"timestamp": "2025-09-08 20:26:26,027", "level": "INFO", "name": "cli_runner", "message": "Results written to output", "module": "logger", "funcName": "info", "lineNo": 40}
{"timestamp": "2025-09-08 20:26:26,027", "level": "INFO", "name": "cli_runner", "message": "Results written to output", "module": "logger", "funcName": "info", "lineNo": 40}
{"timestamp": "2025-09-08 20:26:26,027", "level": "INFO", "name": "cli_runner", "message": "pipeline_export", "module": "logger", "funcName": "info", "lineNo": 40}
{"timestamp": "2025-09-08 20:26:26,027", "level": "INFO", "name": "cli_runner", "message": "pipeline_export", "module": "logger", "funcName": "info", "lineNo": 40}
{"timestamp": "2025-09-08 20:26:26,027", "level": "INFO", "name": "cli_runner", "message": "pipeline_complete", "module": "logger", "funcName": "info", "lineNo": 40}
{"timestamp": "2025-09-08 20:26:26,027", "level": "INFO", "name": "cli_runner", "message": "pipeline_complete", "module": "logger", "funcName": "info", "lineNo": 40}
{"timestamp": "2025-09-08 20:26:26,027", "level": "INFO", "name": "cli_runner", "message": "Pipeline completed successfully.", "module": "logger", "funcName": "info", "lineNo": 40}
{"timestamp": "2025-09-08 20:26:26,027", "level": "INFO", "name": "cli_runner", "message": "Pipeline completed successfully.", "module": "logger", "funcName": "info", "lineNo": 40}
{"timestamp": "2025-09-08 20:38:02,141", "level": "INFO", "name": "cli_runner", "message": "Starting pipeline with arguments", "module": "logger", "funcName": "info", "lineNo": 44, "taskName": null, "cli_args": {"input": "tests/fixtures/remoteok_sample.json", "resume": "tests/fixtures/sample_resume.txt", "applied": "tests/fixtures/sample_applied.xlsx", "output": "/var/folders/xt/t9j52vt94jd1z18_zh6m68yc0000gn/T/tmpeudu7xnt.csv", "config": null, "log": "/var/folders/xt/t9j52vt94jd1z18_zh6m68yc0000gn/T/tmpeudu7xnt.csv.log", "dry_run": false, "verbose": true, "dedupe": true, "enrich": true, "export_format": "csv", "feature_toggle": null}}
{"timestamp": "2025-09-08 20:38:02,141", "level": "INFO", "name": "cli_runner", "message": "Starting pipeline with arguments", "module": "logger", "funcName": "info", "lineNo": 44, "taskName": null, "cli_args": {"input": "tests/fixtures/remoteok_sample.json", "resume": "tests/fixtures/sample_resume.txt", "applied": "tests/fixtures/sample_applied.xlsx", "output": "/var/folders/xt/t9j52vt94jd1z18_zh6m68yc0000gn/T/tmpeudu7xnt.csv", "config": null, "log": "/var/folders/xt/t9j52vt94jd1z18_zh6m68yc0000gn/T/tmpeudu7xnt.csv.log", "dry_run": false, "verbose": true, "dedupe": true, "enrich": true, "export_format": "csv", "feature_toggle": null}}
{"timestamp": "2025-09-08 20:38:02,141", "level": "INFO", "name": "cli_runner", "message": "pipeline_start", "module": "logger", "funcName": "info", "lineNo": 44, "taskName": null, "details": {"input": "tests/fixtures/remoteok_sample.json", "resume": "tests/fixtures/sample_resume.txt", "applied": "tests/fixtures/sample_applied.xlsx", "output": "/var/folders/xt/t9j52vt94jd1z18_zh6m68yc0000gn/T/tmpeudu7xnt.csv", "config": null, "log": "/var/folders/xt/t9j52vt94jd1z18_zh6m68yc0000gn/T/tmpeudu7xnt.csv.log", "dry_run": false, "verbose": true, "dedupe": true, "enrich": true, "export_format": "csv", "feature_toggle": null}}
{"timestamp": "2025-09-08 20:38:02,141", "level": "INFO", "name": "cli_runner", "message": "pipeline_start", "module": "logger", "funcName": "info", "lineNo": 44, "taskName": null, "details": {"input": "tests/fixtures/remoteok_sample.json", "resume": "tests/fixtures/sample_resume.txt", "applied": "tests/fixtures/sample_applied.xlsx", "output": "/var/folders/xt/t9j52vt94jd1z18_zh6m68yc0000gn/T/tmpeudu7xnt.csv", "config": null, "log": "/var/folders/xt/t9j52vt94jd1z18_zh6m68yc0000gn/T/tmpeudu7xnt.csv.log", "dry_run": false, "verbose": true, "dedupe": true, "enrich": true, "export_format": "csv", "feature_toggle": null}}
{"timestamp": "2025-09-08 20:38:03,036", "level": "INFO", "name": "cli_runner", "message": "Results written to output", "module": "logger", "funcName": "info", "lineNo": 44, "taskName": null, "output": "/var/folders/xt/t9j52vt94jd1z18_zh6m68yc0000gn/T/tmpeudu7xnt.csv", "format": "csv"}
{"timestamp": "2025-09-08 20:38:03,036", "level": "INFO", "name": "cli_runner", "message": "Results written to output", "module": "logger", "funcName": "info", "lineNo": 44, "taskName": null, "output": "/var/folders/xt/t9j52vt94jd1z18_zh6m68yc0000gn/T/tmpeudu7xnt.csv", "format": "csv"}
{"timestamp": "2025-09-08 20:38:03,036", "level": "INFO", "name": "cli_runner", "message": "pipeline_export", "module": "logger", "funcName": "info", "lineNo": 44, "taskName": null, "details": {"output": "/var/folders/xt/t9j52vt94jd1z18_zh6m68yc0000gn/T/tmpeudu7xnt.csv", "format": "csv"}}
{"timestamp": "2025-09-08 20:38:03,036", "level": "INFO", "name": "cli_runner", "message": "pipeline_export", "module": "logger", "funcName": "info", "lineNo": 44, "taskName": null, "details": {"output": "/var/folders/xt/t9j52vt94jd1z18_zh6m68yc0000gn/T/tmpeudu7xnt.csv", "format": "csv"}}
{"timestamp": "2025-09-08 20:38:03,036", "level": "INFO", "name": "cli_runner", "message": "pipeline_complete", "module": "logger", "funcName": "info", "lineNo": 44, "taskName": null}
{"timestamp": "2025-09-08 20:38:03,036", "level": "INFO", "name": "cli_runner", "message": "pipeline_complete", "module": "logger", "funcName": "info", "lineNo": 44, "taskName": null}
{"timestamp": "2025-09-08 20:38:03,036", "level": "INFO", "name": "cli_runner", "message": "Pipeline completed successfully.", "module": "logger", "funcName": "info", "lineNo": 44, "taskName": null}
{"timestamp": "2025-09-08 20:38:03,036", "level": "INFO", "name": "cli_runner", "message": "Pipeline completed successfully.", "module": "logger", "funcName": "info", "lineNo": 44, "taskName": null}
{"timestamp": "2025-09-08 20:38:03,455", "level": "INFO", "name": "cli_runner", "message": "Starting pipeline with arguments", "module": "logger", "funcName": "info", "lineNo": 44, "taskName": null, "cli_args": {"input": "tests/fixtures/remoteok_sample.json", "resume": "tests/fixtures/sample_resume.txt", "applied": "tests/fixtures/sample_applied.xlsx", "output": "/var/folders/xt/t9j52vt94jd1z18_zh6m68yc0000gn/T/tmphr253vmq.xlsx", "config": null, "log": "/var/folders/xt/t9j52vt94jd1z18_zh6m68yc0000gn/T/tmphr253vmq.xlsx.log", "dry_run": false, "verbose": true, "dedupe": true, "enrich": true, "export_format": "excel", "feature_toggle": null}}
{"timestamp": "2025-09-08 20:38:03,455", "level": "INFO", "name": "cli_runner", "message": "Starting pipeline with arguments", "module": "logger", "funcName": "info", "lineNo": 44, "taskName": null, "cli_args": {"input": "tests/fixtures/remoteok_sample.json", "resume": "tests/fixtures/sample_resume.txt", "applied": "tests/fixtures/sample_applied.xlsx", "output": "/var/folders/xt/t9j52vt94jd1z18_zh6m68yc0000gn/T/tmphr253vmq.xlsx", "config": null, "log": "/var/folders/xt/t9j52vt94jd1z18_zh6m68yc0000gn/T/tmphr253vmq.xlsx.log", "dry_run": false, "verbose": true, "dedupe": true, "enrich": true, "export_format": "excel", "feature_toggle": null}}
{"timestamp": "2025-09-08 20:38:03,455", "level": "INFO", "name": "cli_runner", "message": "pipeline_start", "module": "logger", "funcName": "info", "lineNo": 44, "taskName": null, "details": {"input": "tests/fixtures/remoteok_sample.json", "resume": "tests/fixtures/sample_resume.txt", "applied": "tests/fixtures/sample_applied.xlsx", "output": "/var/folders/xt/t9j52vt94jd1z18_zh6m68yc0000gn/T/tmphr253vmq.xlsx", "config": null, "log": "/var/folders/xt/t9j52vt94jd1z18_zh6m68yc0000gn/T/tmphr253vmq.xlsx.log", "dry_run": false, "verbose": true, "dedupe": true, "enrich": true, "export_format": "excel", "feature_toggle": null}}
{"timestamp": "2025-09-08 20:38:03,455", "level": "INFO", "name": "cli_runner", "message": "pipeline_start", "module": "logger", "funcName": "info", "lineNo": 44, "taskName": null, "details": {"input": "tests/fixtures/remoteok_sample.json", "resume": "tests/fixtures/sample_resume.txt", "applied": "tests/fixtures/sample_applied.xlsx", "output": "/var/folders/xt/t9j52vt94jd1z18_zh6m68yc0000gn/T/tmphr253vmq.xlsx", "config": null, "log": "/var/folders/xt/t9j52vt94jd1z18_zh6m68yc0000gn/T/tmphr253vmq.xlsx.log", "dry_run": false, "verbose": true, "dedupe": true, "enrich": true, "export_format": "excel", "feature_toggle": null}}
{"timestamp": "2025-09-08 20:38:04,136", "level": "INFO", "name": "cli_runner", "message": "Results written to output", "module": "logger", "funcName": "info", "lineNo": 44, "taskName": null, "output": "/var/folders/xt/t9j52vt94jd1z18_zh6m68yc0000gn/T/tmphr253vmq.xlsx", "format": "excel"}
{"timestamp": "2025-09-08 20:38:04,136", "level": "INFO", "name": "cli_runner", "message": "Results written to output", "module": "logger", "funcName": "info", "lineNo": 44, "taskName": null, "output": "/var/folders/xt/t9j52vt94jd1z18_zh6m68yc0000gn/T/tmphr253vmq.xlsx", "format": "excel"}
{"timestamp": "2025-09-08 20:38:04,136", "level": "INFO", "name": "cli_runner", "message": "pipeline_export", "module": "logger", "funcName": "info", "lineNo": 44, "taskName": null, "details": {"output": "/var/folders/xt/t9j52vt94jd1z18_zh6m68yc0000gn/T/tmphr253vmq.xlsx", "format": "excel"}}
{"timestamp": "2025-09-08 20:38:04,136", "level": "INFO", "name": "cli_runner", "message": "pipeline_export", "module": "logger", "funcName": "info", "lineNo": 44, "taskName": null, "details": {"output": "/var/folders/xt/t9j52vt94jd1z18_zh6m68yc0000gn/T/tmphr253vmq.xlsx", "format": "excel"}}
{"timestamp": "2025-09-08 20:38:04,136", "level": "INFO", "name": "cli_runner", "message": "pipeline_complete", "module": "logger", "funcName": "info", "lineNo": 44, "taskName": null}
{"timestamp": "2025-09-08 20:38:04,136", "level": "INFO", "name": "cli_runner", "message": "pipeline_complete", "module": "logger", "funcName": "info", "lineNo": 44, "taskName": null}
{"timestamp": "2025-09-08 20:38:04,136", "level": "INFO", "name": "cli_runner", "message": "Pipeline completed successfully.", "module": "logger", "funcName": "info", "lineNo": 44, "taskName": null}
{"timestamp": "2025-09-08 20:38:04,136", "level": "INFO", "name": "cli_runner", "message": "Pipeline completed successfully.", "module": "logger", "funcName": "info", "lineNo": 44, "taskName": null}
